<?xml version="1.0" encoding="UTF-8"?>
<testsuite xmlns:xsi="http://www.w3.org/2001/XMLSchema-instance" xsi:noNamespaceSchemaLocation="https://maven.apache.org/surefire/maven-surefire-plugin/xsd/surefire-test-report-3.0.xsd" version="3.0" name="com.chatapp.chatapp.ChatAppApplicationTests" time="3.724" tests="1" errors="0" skipped="0" failures="0">
  <properties>
[...]
</properties>
  <testcase name="contextLoads" classname="com.chatapp.chatapp.ChatAppApplicationTests" time="1.139">
    <system-out><![CDATA[17:32:03.408 [main] INFO org.springframework.test.context.support.AnnotationConfigContextLoaderUtils -- Could not detect default configuration classes for test class [com.chatapp.chatapp.ChatAppApplicationTests]: ChatAppApplicationTests does not declare any static, non-private, non-final, nested classes annotated with @Configuration.
17:32:03.539 [main] INFO org.springframework.boot.test.context.SpringBootTestContextBootstrapper -- Found @SpringBootConfiguration com.chatapp.chatapp.ChatAppApplication for test class com.chatapp.chatapp.ChatAppApplicationTests

  .   ____          _            __ _ _
 /\\ / ___'_ __ _ _(_)_ __  __ _ \ \ \ \
( ( )\___ | '_ | '_| | '_ \/ _` | \ \ \ \
 \\/  ___)| |_)| | | | | || (_| |  ) ) ) )
  '  |____| .__|_| |_|_| |_\__, | / / / /
 =========|_|==============|___/=/_/_/_/
 :: Spring Boot ::                (v3.1.5)

2023-11-03T17:32:04.114-03:00  INFO 17936 --- [           main] c.c.chatapp.ChatAppApplicationTests      : Starting ChatAppApplicationTests using Java 17.0.3.1 with PID 17936 (started by Pachi in F:\escritorio\lio\programación\programación web\spring\chat-app-v2\chat-app)
2023-11-03T17:32:04.117-03:00  INFO 17936 --- [           main] c.c.chatapp.ChatAppApplicationTests      : No active profile set, falling back to 1 default profile: "default"
2023-11-03T17:32:05.736-03:00  INFO 17936 --- [           main] o.s.m.s.b.SimpleBrokerMessageHandler     : Starting...
2023-11-03T17:32:05.738-03:00  INFO 17936 --- [           main] o.s.m.s.b.SimpleBrokerMessageHandler     : BrokerAvailabilityEvent[available=true, SimpleBrokerMessageHandler [org.springframework.messaging.simp.broker.DefaultSubscriptionRegistry@3134153d]]
2023-11-03T17:32:05.739-03:00  INFO 17936 --- [           main] o.s.m.s.b.SimpleBrokerMessageHandler     : Started.
2023-11-03T17:32:05.750-03:00  INFO 17936 --- [           main] c.c.chatapp.ChatAppApplicationTests      : Started ChatAppApplicationTests in 1.984 seconds (process running for 3.363)
]]></system-out>
  </testcase>
</testsuite>